[main cc8a59d] Auto update 2026-06-20 00:01:43
 2 files changed, 8 insertions(+)
 create mode 100755 auto_push.sh
 create mode 100644 nohup.out
[main eeb7cf7] Auto update 2026-06-20 00:02:45
 1 file changed, 4 insertions(+)
[main c5e9988] Auto update 2026-06-20 00:03:48
 1 file changed, 2 insertions(+)
[main 6824a9f] Auto update 2026-06-20 00:04:51
 1 file changed, 2 insertions(+)
[main 16bbd0e] Auto update 2026-06-20 00:05:54
 1 file changed, 2 insertions(+)
[main f8e81e7] Auto update 2026-06-20 00:06:57
 1 file changed, 2 insertions(+)
[main a49b711] Auto update 2026-06-20 00:08:00
 1 file changed, 2 insertions(+)
On branch main
Your branch is up to date with 'origin/main'.

nothing to commit, working tree clean
[main 142f3ea] Auto update 2026-06-20 00:10:04
 1 file changed, 4 insertions(+)
[main 6a31a30] Auto update 2026-06-20 00:11:06
 1 file changed, 2 insertions(+)
[main 433ffd1] Auto update 2026-06-20 00:12:09
 1 file changed, 2 insertions(+)
[main 93d37cc] Auto update 2026-06-20 00:13:11
 1 file changed, 2 insertions(+)
[main d7a1552] Auto update 2026-06-20 00:14:13
 1 file changed, 2 insertions(+)
[main 5d5c1d0] Auto update 2026-06-20 00:15:16
 1 file changed, 2 insertions(+)
[main 2cff4cb] Auto update 2026-06-20 00:16:18
 1 file changed, 2 insertions(+)
[main 5bfaff4] Auto update 2026-06-20 00:17:20
 1 file changed, 2 insertions(+)
[main 4bef6f8] Auto update 2026-06-20 00:18:23
 1 file changed, 2 insertions(+)
[main 4f6a009] Auto update 2026-06-20 00:19:25
 1 file changed, 2 insertions(+)
[main e142153] Auto update 2026-06-20 00:20:28
 1 file changed, 2 insertions(+)
[main 9862292] Auto update 2026-06-20 00:21:30
 1 file changed, 2 insertions(+)
[main 10379e3] Auto update 2026-06-20 00:22:32
 1 file changed, 2 insertions(+)
[main e20371b] Auto update 2026-06-20 00:23:35
 1 file changed, 2 insertions(+)
[main 8644841] Auto update 2026-06-20 00:24:38
 1 file changed, 2 insertions(+)
[main 5c3b1b8] Auto update 2026-06-20 00:25:40
 1 file changed, 2 insertions(+)
[main 0e4f2c2] Auto update 2026-06-20 00:26:42
 1 file changed, 2 insertions(+)
[main 5fd92c6] Auto update 2026-06-20 00:27:44
 1 file changed, 2 insertions(+)
[main f86f71d] Auto update 2026-06-20 00:28:47
 1 file changed, 2 insertions(+)
[main 794e570] Auto update 2026-06-20 00:29:49
 1 file changed, 2 insertions(+)
[main 496845a] Auto update 2026-06-20 00:30:51
 1 file changed, 2 insertions(+)
[main 5892e1e] Auto update 2026-06-20 00:31:54
 1 file changed, 2 insertions(+)
[main c8545c2] Auto update 2026-06-20 00:32:56
 1 file changed, 2 insertions(+)
[main 7c9709b] Auto update 2026-06-20 00:33:58
 1 file changed, 2 insertions(+)
[main 388b823] Auto update 2026-06-20 00:35:01
 1 file changed, 2 insertions(+)
[main fdef222] Auto update 2026-06-20 00:36:03
 1 file changed, 2 insertions(+)
[main db407a4] Auto update 2026-06-20 00:37:06
 1 file changed, 2 insertions(+)
[main 80ae6a3] Auto update 2026-06-20 00:38:08
 1 file changed, 2 insertions(+)
[main 63abe2b] Auto update 2026-06-20 00:39:11
 1 file changed, 2 insertions(+)
[main f19b611] Auto update 2026-06-20 00:40:14
 1 file changed, 2 insertions(+)
[main 082ce2e] Auto update 2026-06-20 00:41:16
 1 file changed, 2 insertions(+)
[main 990f575] Auto update 2026-06-20 00:42:19
 1 file changed, 2 insertions(+)
[main eae36f6] Auto update 2026-06-20 00:43:22
 1 file changed, 2 insertions(+)
[main da12470] Auto update 2026-06-20 00:44:25
 1 file changed, 2 insertions(+)
[main b5d959c] Auto update 2026-06-20 00:45:27
 1 file changed, 2 insertions(+)
[main 6637bff] Auto update 2026-06-20 00:46:30
 1 file changed, 2 insertions(+)
[main fbf0a25] Auto update 2026-06-20 00:50:36
 1 file changed, 2 insertions(+)
[main 04091ed] Auto update 2026-06-20 00:59:24
 1 file changed, 2 insertions(+)
[main 2ca35f7] Auto update 2026-06-20 01:06:06
 1 file changed, 2 insertions(+)
[main acb560a] Auto update 2026-06-20 01:07:10
 1 file changed, 2 insertions(+)
[main cabf18c] Auto update 2026-06-20 01:08:13
 1 file changed, 2 insertions(+)
[main 57f2a75] Auto update 2026-06-20 01:09:15
 1 file changed, 2 insertions(+)
[main 855e420] Auto update 2026-06-20 01:10:18
 1 file changed, 2 insertions(+)
[main 4965eb1] Auto update 2026-06-20 01:11:22
 1 file changed, 2 insertions(+)
[main 2ba1f0e] Auto update 2026-06-20 01:14:32
 1 file changed, 2 insertions(+)
[main f5d4b35] Auto update 2026-06-20 01:23:11
 1 file changed, 2 insertions(+)
[main 2fd21b3] Auto update 2026-06-20 01:36:49
 1 file changed, 2 insertions(+)
[main b59a2a3] Auto update 2026-06-20 01:41:25
 1 file changed, 2 insertions(+)
[main d330443] Auto update 2026-06-20 01:54:35
 1 file changed, 2 insertions(+)
[main a8003ff] Auto update 2026-06-20 02:07:27
 1 file changed, 2 insertions(+)
[main 042072e] Auto update 2026-06-20 02:14:04
 1 file changed, 2 insertions(+)
[main d078b8b] Auto update 2026-06-20 02:32:45
 1 file changed, 2 insertions(+)
[main a5c526b] Auto update 2026-06-20 02:41:27
 1 file changed, 2 insertions(+)
[main 6113cee] Auto update 2026-06-20 02:42:39
 1 file changed, 2 insertions(+)
[main 824f5df] Auto update 2026-06-20 02:47:24
 1 file changed, 2 insertions(+)
[main 91015cf] Auto update 2026-06-20 02:57:45
 1 file changed, 2 insertions(+)
[main 6baa637] Auto update 2026-06-20 03:04:05
 1 file changed, 2 insertions(+)
